Warnings in file C:\Users\NatalieAgus\Desktop\Alchitry Projects\CounterSlow\source\au_top.luc:
    Line 11, Column 4 : "io_dip" was never used
    Line 10, Column 4 : "io_button" was never used
Starting Vivado...

****** Vivado v2019.2 (64-bit)
  **** SW Build 2708876 on Wed Nov  6 21:40:23 MST 2019
  **** IP Build 2700528 on Thu Nov  7 00:09:20 MST 2019
    ** Copyright 1986-2019 Xilinx, Inc. All Rights Reserved.

source {C:\Users\NatalieAgus\Desktop\Alchitry Projects\CounterSlow\work\project.tcl}
# set projDir "C:/Users/NatalieAgus/Desktop/Alchitry\ Projects/CounterSlow/work/vivado"
# set projName "CounterSlow"
# set topName top
# set device xc7a35tftg256-1
# if {[file exists "$projDir/$projName"]} { file delete -force "$projDir/$projName" }
# create_project $projName "$projDir/$projName" -part $device
INFO: [ProjectBase 1-489] The host OS only allows 260 characters in a normal path. The project is stored in a path with more than 80 characters. If you experience issues with IP, Block Designs, or files not being found, please consider moving the project to a location with a shorter path. Alternately consider using the OS subst command to map part of the path to a drive letter.
Current project path is 'C:/Users/NatalieAgus/Desktop/Alchitry Projects/CounterSlow/work/vivado/CounterSlow'
# set_property design_mode RTL [get_filesets sources_1]
# set verilogSources [list "C:/Users/NatalieAgus/Desktop/Alchitry\ Projects/CounterSlow/work/verilog/au_top_0.v" "C:/Users/NatalieAgus/Desktop/Alchitry\ Projects/CounterSlow/work/verilog/reset_conditioner_1.v" "C:/Users/NatalieAgus/Desktop/Alchitry\ Projects/CounterSlow/work/verilog/counter_2.v" "C:/Users/NatalieAgus/Desktop/Alchitry\ Projects/CounterSlow/work/verilog/counter_3.v" ]
# import_files -fileset [get_filesets sources_1] -force -norecurse $verilogSources
# set xdcSources [list "C:/Users/NatalieAgus/Desktop/Alchitry\ Projects/CounterSlow/work/constraint/alchitry.xdc" "C:/Users/NatalieAgus/Desktop/Alchitry\ Projects/CounterSlow/work/constraint/io.xdc" "C:/Program\ Files/Alchitry/Alchitry\ Labs/library/components/au.xdc" ]
# read_xdc $xdcSources
# set_property STEPS.WRITE_BITSTREAM.ARGS.BIN_FILE true [get_runs impl_1]
# update_compile_order -fileset sources_1
# launch_runs -runs synth_1 -jobs 8
[Tue Aug 25 00:26:09 2020] Launched synth_1...
Run output will be captured here: C:/Users/NatalieAgus/Desktop/Alchitry Projects/CounterSlow/work/vivado/CounterSlow/CounterSlow.runs/synth_1/runme.log
# wait_on_run synth_1
[Tue Aug 25 00:26:09 2020] Waiting for synth_1 to finish...

*** Running vivado
    with args -log au_top_0.vds -m64 -product Vivado -mode batch -messageDb vivado.pb -notrace -source au_top_0.tcl


****** Vivado v2019.2 (64-bit)
  **** SW Build 2708876 on Wed Nov  6 21:40:23 MST 2019
  **** IP Build 2700528 on Thu Nov  7 00:09:20 MST 2019
    ** Copyright 1986-2019 Xilinx, Inc. All Rights Reserved.

source au_top_0.tcl -notrace
Command: synth_design -top au_top_0 -part xc7a35tftg256-1
Starting synth_design
Attempting to get a license for feature 'Synthesis' and/or device 'xc7a35t'
INFO: [Common 17-349] Got license for feature 'Synthesis' and/or device 'xc7a35t'
INFO: [Device 21-403] Loading part xc7a35tftg256-1
INFO: Launching helper process for spawning children vivado processes
INFO: Helper process launched with PID 5864 
---------------------------------------------------------------------------------
Starting RTL Elaboration : Time (s): cpu = 00:00:03 ; elapsed = 00:00:04 . Memory (MB): peak = 769.324 ; gain = 234.398
---------------------------------------------------------------------------------
INFO: [Synth 8-6157] synthesizing module 'au_top_0' [C:/Users/NatalieAgus/Desktop/Alchitry Projects/CounterSlow/work/vivado/CounterSlow/CounterSlow.srcs/sources_1/imports/verilog/au_top_0.v:7]
INFO: [Synth 8-6157] synthesizing module 'reset_conditioner_1' [C:/Users/NatalieAgus/Desktop/Alchitry Projects/CounterSlow/work/vivado/CounterSlow/CounterSlow.srcs/sources_1/imports/verilog/reset_conditioner_1.v:11]
	Parameter STAGES bound to: 3'b100 
INFO: [Synth 8-6155] done synthesizing module 'reset_conditioner_1' (1#1) [C:/Users/NatalieAgus/Desktop/Alchitry Projects/CounterSlow/work/vivado/CounterSlow/CounterSlow.srcs/sources_1/imports/verilog/reset_conditioner_1.v:11]
INFO: [Synth 8-6157] synthesizing module 'counter_2' [C:/Users/NatalieAgus/Desktop/Alchitry Projects/CounterSlow/work/vivado/CounterSlow/CounterSlow.srcs/sources_1/imports/verilog/counter_2.v:14]
	Parameter SIZE bound to: 1'b1 
	Parameter DIV bound to: 5'b11001 
	Parameter TOP bound to: 1'b0 
	Parameter UP bound to: 1'b1 
	Parameter MAX_VALUE bound to: 26'b01111111111111111111111111 
INFO: [Synth 8-6155] done synthesizing module 'counter_2' (2#1) [C:/Users/NatalieAgus/Desktop/Alchitry Projects/CounterSlow/work/vivado/CounterSlow/CounterSlow.srcs/sources_1/imports/verilog/counter_2.v:14]
INFO: [Synth 8-6157] synthesizing module 'counter_3' [C:/Users/NatalieAgus/Desktop/Alchitry Projects/CounterSlow/work/vivado/CounterSlow/CounterSlow.srcs/sources_1/imports/verilog/counter_3.v:14]
	Parameter SIZE bound to: 3'b100 
	Parameter DIV bound to: 1'b0 
	Parameter TOP bound to: 1'b0 
	Parameter UP bound to: 1'b1 
	Parameter MAX_VALUE bound to: 1'b0 
INFO: [Synth 8-6155] done synthesizing module 'counter_3' (3#1) [C:/Users/NatalieAgus/Desktop/Alchitry Projects/CounterSlow/work/vivado/CounterSlow/CounterSlow.srcs/sources_1/imports/verilog/counter_3.v:14]
INFO: [Synth 8-6155] done synthesizing module 'au_top_0' (4#1) [C:/Users/NatalieAgus/Desktop/Alchitry Projects/CounterSlow/work/vivado/CounterSlow/CounterSlow.srcs/sources_1/imports/verilog/au_top_0.v:7]
WARNING: [Synth 8-3917] design au_top_0 has port led[7] driven by constant 0
WARNING: [Synth 8-3917] design au_top_0 has port led[6] driven by constant 0
WARNING: [Synth 8-3917] design au_top_0 has port led[5] driven by constant 0
WARNING: [Synth 8-3917] design au_top_0 has port led[4] driven by constant 0
WARNING: [Synth 8-3917] design au_top_0 has port led[3] driven by constant 0
WARNING: [Synth 8-3917] design au_top_0 has port led[2] driven by constant 0
WARNING: [Synth 8-3917] design au_top_0 has port led[1] driven by constant 0
WARNING: [Synth 8-3917] design au_top_0 has port led[0] driven by constant 0
WARNING: [Synth 8-3917] design au_top_0 has port io_led[23] driven by constant 0
WARNING: [Synth 8-3917] design au_top_0 has port io_led[22] driven by constant 0
WARNING: [Synth 8-3917] design au_top_0 has port io_led[21] driven by constant 0
WARNING: [Synth 8-3917] design au_top_0 has port io_led[20] driven by constant 0
WARNING: [Synth 8-3917] design au_top_0 has port io_led[19] driven by constant 0
WARNING: [Synth 8-3917] design au_top_0 has port io_led[18] driven by constant 0
WARNING: [Synth 8-3917] design au_top_0 has port io_led[17] driven by constant 0
WARNING: [Synth 8-3917] design au_top_0 has port io_led[16] driven by constant 0
WARNING: [Synth 8-3917] design au_top_0 has port io_led[15] driven by constant 0
WARNING: [Synth 8-3917] design au_top_0 has port io_led[14] driven by constant 0
WARNING: [Synth 8-3917] design au_top_0 has port io_led[13] driven by constant 0
WARNING: [Synth 8-3917] design au_top_0 has port io_led[12] driven by constant 0
WARNING: [Synth 8-3917] design au_top_0 has port io_led[11] driven by constant 0
WARNING: [Synth 8-3917] design au_top_0 has port io_led[10] driven by constant 0
WARNING: [Synth 8-3917] design au_top_0 has port io_led[9] driven by constant 0
WARNING: [Synth 8-3917] design au_top_0 has port io_led[8] driven by constant 0
WARNING: [Synth 8-3917] design au_top_0 has port io_led[7] driven by constant 0
WARNING: [Synth 8-3917] design au_top_0 has port io_led[6] driven by constant 0
WARNING: [Synth 8-3917] design au_top_0 has port io_led[5] driven by constant 0
WARNING: [Synth 8-3917] design au_top_0 has port io_led[4] driven by constant 0
WARNING: [Synth 8-3917] design au_top_0 has port io_seg[7] driven by constant 1
WARNING: [Synth 8-3917] design au_top_0 has port io_seg[6] driven by constant 1
WARNING: [Synth 8-3917] design au_top_0 has port io_seg[5] driven by constant 1
WARNING: [Synth 8-3917] design au_top_0 has port io_seg[4] driven by constant 1
WARNING: [Synth 8-3917] design au_top_0 has port io_seg[3] driven by constant 1
WARNING: [Synth 8-3917] design au_top_0 has port io_seg[2] driven by constant 1
WARNING: [Synth 8-3917] design au_top_0 has port io_seg[1] driven by constant 1
WARNING: [Synth 8-3917] design au_top_0 has port io_seg[0] driven by constant 1
WARNING: [Synth 8-3917] design au_top_0 has port io_sel[3] driven by constant 1
WARNING: [Synth 8-3917] design au_top_0 has port io_sel[2] driven by constant 1
WARNING: [Synth 8-3917] design au_top_0 has port io_sel[1] driven by constant 1
WARNING: [Synth 8-3917] design au_top_0 has port io_sel[0] driven by constant 1
WARNING: [Synth 8-3331] design au_top_0 has unconnected port io_button[4]
WARNING: [Synth 8-3331] design au_top_0 has unconnected port io_button[3]
WARNING: [Synth 8-3331] design au_top_0 has unconnected port io_button[2]
WARNING: [Synth 8-3331] design au_top_0 has unconnected port io_button[1]
WARNING: [Synth 8-3331] design au_top_0 has unconnected port io_button[0]
WARNING: [Synth 8-3331] design au_top_0 has unconnected port io_dip[23]
WARNING: [Synth 8-3331] design au_top_0 has unconnected port io_dip[22]
WARNING: [Synth 8-3331] design au_top_0 has unconnected port io_dip[21]
WARNING: [Synth 8-3331] design au_top_0 has unconnected port io_dip[20]
WARNING: [Synth 8-3331] design au_top_0 has unconnected port io_dip[19]
WARNING: [Synth 8-3331] design au_top_0 has unconnected port io_dip[18]
WARNING: [Synth 8-3331] design au_top_0 has unconnected port io_dip[17]
WARNING: [Synth 8-3331] design au_top_0 has unconnected port io_dip[16]
WARNING: [Synth 8-3331] design au_top_0 has unconnected port io_dip[15]
WARNING: [Synth 8-3331] design au_top_0 has unconnected port io_dip[14]
WARNING: [Synth 8-3331] design au_top_0 has unconnected port io_dip[13]
WARNING: [Synth 8-3331] design au_top_0 has unconnected port io_dip[12]
WARNING: [Synth 8-3331] design au_top_0 has unconnected port io_dip[11]
WARNING: [Synth 8-3331] design au_top_0 has unconnected port io_dip[10]
WARNING: [Synth 8-3331] design au_top_0 has unconnected port io_dip[9]
WARNING: [Synth 8-3331] design au_top_0 has unconnected port io_dip[8]
WARNING: [Synth 8-3331] design au_top_0 has unconnected port io_dip[7]
WARNING: [Synth 8-3331] design au_top_0 has unconnected port io_dip[6]
WARNING: [Synth 8-3331] design au_top_0 has unconnected port io_dip[5]
WARNING: [Synth 8-3331] design au_top_0 has unconnected port io_dip[4]
WARNING: [Synth 8-3331] design au_top_0 has unconnected port io_dip[3]
WARNING: [Synth 8-3331] design au_top_0 has unconnected port io_dip[2]
WARNING: [Synth 8-3331] design au_top_0 has unconnected port io_dip[1]
WARNING: [Synth 8-3331] design au_top_0 has unconnected port io_dip[0]
---------------------------------------------------------------------------------
Finished RTL Elaboration : Time (s): cpu = 00:00:04 ; elapsed = 00:00:05 . Memory (MB): peak = 842.242 ; gain = 307.316
---------------------------------------------------------------------------------

Report Check Netlist: 
+------+------------------+-------+---------+-------+------------------+
|      |Item              |Errors |Warnings |Status |Description       |
+------+------------------+-------+---------+-------+------------------+
|1     |multi_driven_nets |      0|        0|Passed |Multi driven nets |
+------+------------------+-------+---------+-------+------------------+
---------------------------------------------------------------------------------
Start Handling Custom Attributes
---------------------------------------------------------------------------------
---------------------------------------------------------------------------------
Finished Handling Custom Attributes : Time (s): cpu = 00:00:04 ; elapsed = 00:00:05 . Memory (MB): peak = 842.242 ; gain = 307.316
---------------------------------------------------------------------------------
---------------------------------------------------------------------------------
Finished RTL Optimization Phase 1 : Time (s): cpu = 00:00:04 ; elapsed = 00:00:05 . Memory (MB): peak = 842.242 ; gain = 307.316
---------------------------------------------------------------------------------
Netlist sorting complete. Time (s): cpu = 00:00:00 ; elapsed = 00:00:00 . Memory (MB): peak = 842.242 ; gain = 0.000
INFO: [Project 1-570] Preparing netlist for logic optimization

Processing XDC Constraints
Initializing timing engine
Parsing XDC File [C:/Users/NatalieAgus/Desktop/Alchitry Projects/CounterSlow/work/constraint/alchitry.xdc]
Finished Parsing XDC File [C:/Users/NatalieAgus/Desktop/Alchitry Projects/CounterSlow/work/constraint/alchitry.xdc]
INFO: [Project 1-236] Implementation specific constraints were found while reading constraint file [C:/Users/NatalieAgus/Desktop/Alchitry Projects/CounterSlow/work/constraint/alchitry.xdc]. These constraints will be ignored for synthesis but will be used in implementation. Impacted constraints are listed in the file [.Xil/au_top_0_propImpl.xdc].
Resolution: To avoid this warning, move constraints listed in [.Xil/au_top_0_propImpl.xdc] to another XDC file and exclude this new file from synthesis with the used_in_synthesis property (File Properties dialog in GUI) and re-run elaboration/synthesis.
Parsing XDC File [C:/Users/NatalieAgus/Desktop/Alchitry Projects/CounterSlow/work/constraint/io.xdc]
Finished Parsing XDC File [C:/Users/NatalieAgus/Desktop/Alchitry Projects/CounterSlow/work/constraint/io.xdc]
INFO: [Project 1-236] Implementation specific constraints were found while reading constraint file [C:/Users/NatalieAgus/Desktop/Alchitry Projects/CounterSlow/work/constraint/io.xdc]. These constraints will be ignored for synthesis but will be used in implementation. Impacted constraints are listed in the file [.Xil/au_top_0_propImpl.xdc].
Resolution: To avoid this warning, move constraints listed in [.Xil/au_top_0_propImpl.xdc] to another XDC file and exclude this new file from synthesis with the used_in_synthesis property (File Properties dialog in GUI) and re-run elaboration/synthesis.
Parsing XDC File [C:/Program Files/Alchitry/Alchitry Labs/library/components/au.xdc]
Finished Parsing XDC File [C:/Program Files/Alchitry/Alchitry Labs/library/components/au.xdc]
Completed Processing XDC Constraints

Netlist sorting complete. Time (s): cpu = 00:00:00 ; elapsed = 00:00:00 . Memory (MB): peak = 920.332 ; gain = 0.000
INFO: [Project 1-111] Unisim Transformation Summary:
No Unisim elements were transformed.

Constraint Validation Runtime : Time (s): cpu = 00:00:00 ; elapsed = 00:00:00.007 . Memory (MB): peak = 920.332 ; gain = 0.000
---------------------------------------------------------------------------------
Finished Constraint Validation : Time (s): cpu = 00:00:10 ; elapsed = 00:00:11 . Memory (MB): peak = 920.332 ; gain = 385.406
---------------------------------------------------------------------------------
---------------------------------------------------------------------------------
Start Loading Part and Timing Information
---------------------------------------------------------------------------------
Loading part: xc7a35tftg256-1
---------------------------------------------------------------------------------
Finished Loading Part and Timing Information : Time (s): cpu = 00:00:10 ; elapsed = 00:00:11 . Memory (MB): peak = 920.332 ; gain = 385.406
---------------------------------------------------------------------------------
---------------------------------------------------------------------------------
Start Applying 'set_property' XDC Constraints
---------------------------------------------------------------------------------
---------------------------------------------------------------------------------
Finished applying 'set_property' XDC Constraints : Time (s): cpu = 00:00:10 ; elapsed = 00:00:11 . Memory (MB): peak = 920.332 ; gain = 385.406
---------------------------------------------------------------------------------
---------------------------------------------------------------------------------
Finished RTL Optimization Phase 2 : Time (s): cpu = 00:00:10 ; elapsed = 00:00:11 . Memory (MB): peak = 920.332 ; gain = 385.406
---------------------------------------------------------------------------------

Report RTL Partitions: 
+-+--------------+------------+----------+
| |RTL Partition |Replication |Instances |
+-+--------------+------------+----------+
+-+--------------+------------+----------+
---------------------------------------------------------------------------------
Start RTL Component Statistics 
---------------------------------------------------------------------------------
Detailed RTL Component Info : 
+---Adders : 
	   2 Input      4 Bit       Adders := 1     
+---Registers : 
	                4 Bit    Registers := 2     
---------------------------------------------------------------------------------
Finished RTL Component Statistics 
---------------------------------------------------------------------------------
---------------------------------------------------------------------------------
Start RTL Hierarchical Component Statistics 
---------------------------------------------------------------------------------
Hierarchical RTL Component report 
Module reset_conditioner_1 
Detailed RTL Component Info : 
+---Registers : 
	                4 Bit    Registers := 1     
Module counter_3 
Detailed RTL Component Info : 
+---Adders : 
	   2 Input      4 Bit       Adders := 1     
+---Registers : 
	                4 Bit    Registers := 1     
---------------------------------------------------------------------------------
Finished RTL Hierarchical Component Statistics
---------------------------------------------------------------------------------
---------------------------------------------------------------------------------
Start Part Resource Summary
---------------------------------------------------------------------------------
Part Resources:
DSPs: 90 (col length:60)
BRAMs: 100 (col length: RAMB18 60 RAMB36 30)
---------------------------------------------------------------------------------
Finished Part Resource Summary
---------------------------------------------------------------------------------
---------------------------------------------------------------------------------
Start Cross Boundary and Area Optimization
---------------------------------------------------------------------------------
Warning: Parallel synthesis criteria is not met 
WARNING: [Synth 8-3917] design au_top_0 has port led[7] driven by constant 0
WARNING: [Synth 8-3917] design au_top_0 has port led[6] driven by constant 0
WARNING: [Synth 8-3917] design au_top_0 has port led[5] driven by constant 0
WARNING: [Synth 8-3917] design au_top_0 has port led[4] driven by constant 0
WARNING: [Synth 8-3917] design au_top_0 has port led[3] driven by constant 0
WARNING: [Synth 8-3917] design au_top_0 has port led[2] driven by constant 0
WARNING: [Synth 8-3917] design au_top_0 has port led[1] driven by constant 0
WARNING: [Synth 8-3917] design au_top_0 has port led[0] driven by constant 0
WARNING: [Synth 8-3917] design au_top_0 has port io_led[23] driven by constant 0
WARNING: [Synth 8-3917] design au_top_0 has port io_led[22] driven by constant 0
WARNING: [Synth 8-3917] design au_top_0 has port io_led[21] driven by constant 0
WARNING: [Synth 8-3917] design au_top_0 has port io_led[20] driven by constant 0
WARNING: [Synth 8-3917] design au_top_0 has port io_led[19] driven by constant 0
WARNING: [Synth 8-3917] design au_top_0 has port io_led[18] driven by constant 0
WARNING: [Synth 8-3917] design au_top_0 has port io_led[17] driven by constant 0
WARNING: [Synth 8-3917] design au_top_0 has port io_led[16] driven by constant 0
WARNING: [Synth 8-3917] design au_top_0 has port io_led[15] driven by constant 0
WARNING: [Synth 8-3917] design au_top_0 has port io_led[14] driven by constant 0
WARNING: [Synth 8-3917] design au_top_0 has port io_led[13] driven by constant 0
WARNING: [Synth 8-3917] design au_top_0 has port io_led[12] driven by constant 0
WARNING: [Synth 8-3917] design au_top_0 has port io_led[11] driven by constant 0
WARNING: [Synth 8-3917] design au_top_0 has port io_led[10] driven by constant 0
WARNING: [Synth 8-3917] design au_top_0 has port io_led[9] driven by constant 0
WARNING: [Synth 8-3917] design au_top_0 has port io_led[8] driven by constant 0
WARNING: [Synth 8-3917] design au_top_0 has port io_led[7] driven by constant 0
WARNING: [Synth 8-3917] design au_top_0 has port io_led[6] driven by constant 0
WARNING: [Synth 8-3917] design au_top_0 has port io_led[5] driven by constant 0
WARNING: [Synth 8-3917] design au_top_0 has port io_led[4] driven by constant 0
WARNING: [Synth 8-3917] design au_top_0 has port io_seg[7] driven by constant 1
WARNING: [Synth 8-3917] design au_top_0 has port io_seg[6] driven by constant 1
WARNING: [Synth 8-3917] design au_top_0 has port io_seg[5] driven by constant 1
WARNING: [Synth 8-3917] design au_top_0 has port io_seg[4] driven by constant 1
WARNING: [Synth 8-3917] design au_top_0 has port io_seg[3] driven by constant 1
WARNING: [Synth 8-3917] design au_top_0 has port io_seg[2] driven by constant 1
WARNING: [Synth 8-3917] design au_top_0 has port io_seg[1] driven by constant 1
WARNING: [Synth 8-3917] design au_top_0 has port io_seg[0] driven by constant 1
WARNING: [Synth 8-3917] design au_top_0 has port io_sel[3] driven by constant 1
WARNING: [Synth 8-3917] design au_top_0 has port io_sel[2] driven by constant 1
WARNING: [Synth 8-3917] design au_top_0 has port io_sel[1] driven by constant 1
WARNING: [Synth 8-3917] design au_top_0 has port io_sel[0] driven by constant 1
WARNING: [Synth 8-3331] design au_top_0 has unconnected port io_button[4]
WARNING: [Synth 8-3331] design au_top_0 has unconnected port io_button[3]
WARNING: [Synth 8-3331] design au_top_0 has unconnected port io_button[2]
WARNING: [Synth 8-3331] design au_top_0 has unconnected port io_button[1]
WARNING: [Synth 8-3331] design au_top_0 has unconnected port io_button[0]
WARNING: [Synth 8-3331] design au_top_0 has unconnected port io_dip[23]
WARNING: [Synth 8-3331] design au_top_0 has unconnected port io_dip[22]
WARNING: [Synth 8-3331] design au_top_0 has unconnected port io_dip[21]
WARNING: [Synth 8-3331] design au_top_0 has unconnected port io_dip[20]
WARNING: [Synth 8-3331] design au_top_0 has unconnected port io_dip[19]
WARNING: [Synth 8-3331] design au_top_0 has unconnected port io_dip[18]
WARNING: [Synth 8-3331] design au_top_0 has unconnected port io_dip[17]
WARNING: [Synth 8-3331] design au_top_0 has unconnected port io_dip[16]
WARNING: [Synth 8-3331] design au_top_0 has unconnected port io_dip[15]
WARNING: [Synth 8-3331] design au_top_0 has unconnected port io_dip[14]
WARNING: [Synth 8-3331] design au_top_0 has unconnected port io_dip[13]
WARNING: [Synth 8-3331] design au_top_0 has unconnected port io_dip[12]
WARNING: [Synth 8-3331] design au_top_0 has unconnected port io_dip[11]
WARNING: [Synth 8-3331] design au_top_0 has unconnected port io_dip[10]
WARNING: [Synth 8-3331] design au_top_0 has unconnected port io_dip[9]
WARNING: [Synth 8-3331] design au_top_0 has unconnected port io_dip[8]
WARNING: [Synth 8-3331] design au_top_0 has unconnected port io_dip[7]
WARNING: [Synth 8-3331] design au_top_0 has unconnected port io_dip[6]
WARNING: [Synth 8-3331] design au_top_0 has unconnected port io_dip[5]
WARNING: [Synth 8-3331] design au_top_0 has unconnected port io_dip[4]
WARNING: [Synth 8-3331] design au_top_0 has unconnected port io_dip[3]
WARNING: [Synth 8-3331] design au_top_0 has unconnected port io_dip[2]
WARNING: [Synth 8-3331] design au_top_0 has unconnected port io_dip[1]
WARNING: [Synth 8-3331] design au_top_0 has unconnected port io_dip[0]
---------------------------------------------------------------------------------
Finished Cross Boundary and Area Optimization : Time (s): cpu = 00:00:12 ; elapsed = 00:00:13 . Memory (MB): peak = 920.332 ; gain = 385.406
---------------------------------------------------------------------------------

Report RTL Partitions: 
+-+--------------+------------+----------+
| |RTL Partition |Replication |Instances |
+-+--------------+------------+----------+
+-+--------------+------------+----------+
---------------------------------------------------------------------------------
Start Applying XDC Timing Constraints
---------------------------------------------------------------------------------
---------------------------------------------------------------------------------
Finished Applying XDC Timing Constraints : Time (s): cpu = 00:00:18 ; elapsed = 00:00:19 . Memory (MB): peak = 920.332 ; gain = 385.406
---------------------------------------------------------------------------------
---------------------------------------------------------------------------------
Start Timing Optimization
---------------------------------------------------------------------------------
---------------------------------------------------------------------------------
Finished Timing Optimization : Time (s): cpu = 00:00:18 ; elapsed = 00:00:19 . Memory (MB): peak = 920.332 ; gain = 385.406
---------------------------------------------------------------------------------

Report RTL Partitions: 
+-+--------------+------------+----------+
| |RTL Partition |Replication |Instances |
+-+--------------+------------+----------+
+-+--------------+------------+----------+
---------------------------------------------------------------------------------
Start Technology Mapping
---------------------------------------------------------------------------------
---------------------------------------------------------------------------------
Finished Technology Mapping : Time (s): cpu = 00:00:18 ; elapsed = 00:00:19 . Memory (MB): peak = 920.332 ; gain = 385.406
---------------------------------------------------------------------------------

Report RTL Partitions: 
+-+--------------+------------+----------+
| |RTL Partition |Replication |Instances |
+-+--------------+------------+----------+
+-+--------------+------------+----------+
---------------------------------------------------------------------------------
Start IO Insertion
---------------------------------------------------------------------------------
---------------------------------------------------------------------------------
Start Flattening Before IO Insertion
---------------------------------------------------------------------------------
---------------------------------------------------------------------------------
Finished Flattening Before IO Insertion
---------------------------------------------------------------------------------
---------------------------------------------------------------------------------
Start Final Netlist Cleanup
---------------------------------------------------------------------------------
---------------------------------------------------------------------------------
Finished Final Netlist Cleanup
---------------------------------------------------------------------------------
---------------------------------------------------------------------------------
Finished IO Insertion : Time (s): cpu = 00:00:22 ; elapsed = 00:00:23 . Memory (MB): peak = 933.004 ; gain = 398.078
---------------------------------------------------------------------------------
---------------------------------------------------------------------------------
Start Renaming Generated Instances
---------------------------------------------------------------------------------
---------------------------------------------------------------------------------
Finished Renaming Generated Instances : Time (s): cpu = 00:00:22 ; elapsed = 00:00:23 . Memory (MB): peak = 933.004 ; gain = 398.078
---------------------------------------------------------------------------------

Report RTL Partitions: 
+-+--------------+------------+----------+
| |RTL Partition |Replication |Instances |
+-+--------------+------------+----------+
+-+--------------+------------+----------+

Report Check Netlist: 
+------+------------------+-------+---------+-------+------------------+
|      |Item              |Errors |Warnings |Status |Description       |
+------+------------------+-------+---------+-------+------------------+
|1     |multi_driven_nets |      0|        0|Passed |Multi driven nets |
+------+------------------+-------+---------+-------+------------------+
---------------------------------------------------------------------------------
Start Rebuilding User Hierarchy
---------------------------------------------------------------------------------
---------------------------------------------------------------------------------
Finished Rebuilding User Hierarchy : Time (s): cpu = 00:00:22 ; elapsed = 00:00:23 . Memory (MB): peak = 933.004 ; gain = 398.078
---------------------------------------------------------------------------------
---------------------------------------------------------------------------------
Start Renaming Generated Ports
---------------------------------------------------------------------------------
---------------------------------------------------------------------------------
Finished Renaming Generated Ports : Time (s): cpu = 00:00:22 ; elapsed = 00:00:23 . Memory (MB): peak = 933.004 ; gain = 398.078
---------------------------------------------------------------------------------
---------------------------------------------------------------------------------
Start Handling Custom Attributes
---------------------------------------------------------------------------------
---------------------------------------------------------------------------------
Finished Handling Custom Attributes : Time (s): cpu = 00:00:22 ; elapsed = 00:00:23 . Memory (MB): peak = 933.004 ; gain = 398.078
---------------------------------------------------------------------------------
---------------------------------------------------------------------------------
Start Renaming Generated Nets
---------------------------------------------------------------------------------
---------------------------------------------------------------------------------
Finished Renaming Generated Nets : Time (s): cpu = 00:00:22 ; elapsed = 00:00:23 . Memory (MB): peak = 933.004 ; gain = 398.078
---------------------------------------------------------------------------------
---------------------------------------------------------------------------------
Start Writing Synthesis Report
---------------------------------------------------------------------------------

Report BlackBoxes: 
+-+--------------+----------+
| |BlackBox name |Instances |
+-+--------------+----------+
+-+--------------+----------+

Report Cell Usage: 
+------+-------+------+
|      |Cell   |Count |
+------+-------+------+
|1     |BUFG   |     1|
|2     |CARRY4 |     7|
|3     |LUT1   |     3|
|4     |LUT2   |     1|
|5     |LUT3   |     1|
|6     |LUT4   |     1|
|7     |FDRE   |    30|
|8     |FDSE   |     4|
|9     |IBUF   |     3|
|10    |OBUF   |    45|
+------+-------+------+

Report Instance Areas: 
+------+-------------+--------------------+------+
|      |Instance     |Module              |Cells |
+------+-------------+--------------------+------+
|1     |top          |                    |    96|
|2     |  cntr       |counter_3           |     8|
|3     |  slowclk    |counter_2           |    34|
|4     |  reset_cond |reset_conditioner_1 |     5|
+------+-------------+--------------------+------+
---------------------------------------------------------------------------------
Finished Writing Synthesis Report : Time (s): cpu = 00:00:22 ; elapsed = 00:00:23 . Memory (MB): peak = 933.004 ; gain = 398.078
---------------------------------------------------------------------------------
Synthesis finished with 0 errors, 0 critical warnings and 69 warnings.
Synthesis Optimization Runtime : Time (s): cpu = 00:00:16 ; elapsed = 00:00:21 . Memory (MB): peak = 933.004 ; gain = 319.988
Synthesis Optimization Complete : Time (s): cpu = 00:00:22 ; elapsed = 00:00:23 . Memory (MB): peak = 933.004 ; gain = 398.078
INFO: [Project 1-571] Translating synthesized netlist
Netlist sorting complete. Time (s): cpu = 00:00:00 ; elapsed = 00:00:00.001 . Memory (MB): peak = 933.004 ; gain = 0.000
INFO: [Netlist 29-17] Analyzing 7 Unisim elements for replacement
INFO: [Netlist 29-28] Unisim Transformation completed in 0 CPU seconds
INFO: [Project 1-570] Preparing netlist for logic optimization
INFO: [Opt 31-138] Pushed 0 inverter(s) to 0 load pin(s).
Netlist sorting complete. Time (s): cpu = 00:00:00 ; elapsed = 00:00:00 . Memory (MB): peak = 941.996 ; gain = 0.000
INFO: [Project 1-111] Unisim Transformation Summary:
No Unisim elements were transformed.

INFO: [Common 17-83] Releasing license: Synthesis
21 Infos, 138 Warnings, 0 Critical Warnings and 0 Errors encountered.
synth_design completed successfully
synth_design: Time (s): cpu = 00:00:27 ; elapsed = 00:00:28 . Memory (MB): peak = 941.996 ; gain = 644.996
Netlist sorting complete. Time (s): cpu = 00:00:00 ; elapsed = 00:00:00 . Memory (MB): peak = 941.996 ; gain = 0.000
WARNING: [Constraints 18-5210] No constraints selected for write.
Resolution: This message can indicate that there are no constraints for the design, or it can indicate that the used_in flags are set such that the constraints are ignored. This later case is used when running synth_design to not write synthesis constraints to the resulting checkpoint. Instead, project constraints are read when the synthesized design is opened.
INFO: [Common 17-1381] The checkpoint 'C:/Users/NatalieAgus/Desktop/Alchitry Projects/CounterSlow/work/vivado/CounterSlow/CounterSlow.runs/synth_1/au_top_0.dcp' has been generated.
INFO: [runtcl-4] Executing : report_utilization -file au_top_0_utilization_synth.rpt -pb au_top_0_utilization_synth.pb
INFO: [Common 17-206] Exiting Vivado at Tue Aug 25 00:26:42 2020...
[Tue Aug 25 00:26:44 2020] synth_1 finished
wait_on_run: Time (s): cpu = 00:00:00 ; elapsed = 00:00:35 . Memory (MB): peak = 298.246 ; gain = 0.000
# launch_runs impl_1 -to_step write_bitstream -jobs 8
[Tue Aug 25 00:26:44 2020] Launched impl_1...
Run output will be captured here: C:/Users/NatalieAgus/Desktop/Alchitry Projects/CounterSlow/work/vivado/CounterSlow/CounterSlow.runs/impl_1/runme.log
# wait_on_run impl_1
[Tue Aug 25 00:26:44 2020] Waiting for impl_1 to finish...

*** Running vivado
    with args -log au_top_0.vdi -applog -m64 -product Vivado -messageDb vivado.pb -mode batch -source au_top_0.tcl -notrace


****** Vivado v2019.2 (64-bit)
  **** SW Build 2708876 on Wed Nov  6 21:40:23 MST 2019
  **** IP Build 2700528 on Thu Nov  7 00:09:20 MST 2019
    ** Copyright 1986-2019 Xilinx, Inc. All Rights Reserved.

source au_top_0.tcl -notrace
Command: link_design -top au_top_0 -part xc7a35tftg256-1
Design is defaulting to srcset: sources_1
Design is defaulting to constrset: constrs_1
INFO: [Device 21-403] Loading part xc7a35tftg256-1
Netlist sorting complete. Time (s): cpu = 00:00:00 ; elapsed = 00:00:00 . Memory (MB): peak = 538.988 ; gain = 0.000
INFO: [Netlist 29-17] Analyzing 7 Unisim elements for replacement
INFO: [Netlist 29-28] Unisim Transformation completed in 0 CPU seconds
INFO: [Project 1-479] Netlist was created with Vivado 2019.2
INFO: [Project 1-570] Preparing netlist for logic optimization
Parsing XDC File [C:/Users/NatalieAgus/Desktop/Alchitry Projects/CounterSlow/work/constraint/alchitry.xdc]
Finished Parsing XDC File [C:/Users/NatalieAgus/Desktop/Alchitry Projects/CounterSlow/work/constraint/alchitry.xdc]
Parsing XDC File [C:/Users/NatalieAgus/Desktop/Alchitry Projects/CounterSlow/work/constraint/io.xdc]
Finished Parsing XDC File [C:/Users/NatalieAgus/Desktop/Alchitry Projects/CounterSlow/work/constraint/io.xdc]
Parsing XDC File [C:/Program Files/Alchitry/Alchitry Labs/library/components/au.xdc]
Finished Parsing XDC File [C:/Program Files/Alchitry/Alchitry Labs/library/components/au.xdc]
INFO: [Opt 31-138] Pushed 0 inverter(s) to 0 load pin(s).
Netlist sorting complete. Time (s): cpu = 00:00:00 ; elapsed = 00:00:00 . Memory (MB): peak = 658.457 ; gain = 0.000
INFO: [Project 1-111] Unisim Transformation Summary:
No Unisim elements were transformed.

7 Infos, 0 Warnings, 0 Critical Warnings and 0 Errors encountered.
link_design completed successfully
link_design: Time (s): cpu = 00:00:06 ; elapsed = 00:00:06 . Memory (MB): peak = 662.469 ; gain = 364.844
Command: opt_design
Attempting to get a license for feature 'Implementation' and/or device 'xc7a35t'
INFO: [Common 17-349] Got license for feature 'Implementation' and/or device 'xc7a35t'
Running DRC as a precondition to command opt_design

Starting DRC Task
INFO: [DRC 23-27] Running DRC with 2 threads
INFO: [Project 1-461] DRC finished with 0 Errors
INFO: [Project 1-462] Please refer to the DRC report (report_drc) for more information.

Time (s): cpu = 00:00:00 ; elapsed = 00:00:00.568 . Memory (MB): peak = 679.438 ; gain = 16.969

Starting Cache Timing Information Task
INFO: [Timing 38-35] Done setting XDC timing constraints.
Ending Cache Timing Information Task | Checksum: 22a2a365f

Time (s): cpu = 00:00:08 ; elapsed = 00:00:08 . Memory (MB): peak = 1194.813 ; gain = 515.375

Starting Logic Optimization Task

Phase 1 Retarget
INFO: [Opt 31-138] Pushed 0 inverter(s) to 0 load pin(s).
INFO: [Opt 31-49] Retargeted 0 cell(s).
Phase 1 Retarget | Checksum: 22a2a365f

Time (s): cpu = 00:00:00 ; elapsed = 00:00:00.024 . Memory (MB): peak = 1386.871 ; gain = 0.000
INFO: [Opt 31-389] Phase Retarget created 0 cells and removed 0 cells

Phase 2 Constant propagation
INFO: [Opt 31-138] Pushed 0 inverter(s) to 0 load pin(s).
Phase 2 Constant propagation | Checksum: 22a2a365f

Time (s): cpu = 00:00:00 ; elapsed = 00:00:00.026 . Memory (MB): peak = 1386.871 ; gain = 0.000
INFO: [Opt 31-389] Phase Constant propagation created 0 cells and removed 0 cells

Phase 3 Sweep
Phase 3 Sweep | Checksum: 241cb1fea

Time (s): cpu = 00:00:00 ; elapsed = 00:00:00.029 . Memory (MB): peak = 1386.871 ; gain = 0.000
INFO: [Opt 31-389] Phase Sweep created 0 cells and removed 0 cells

Phase 4 BUFG optimization
INFO: [Opt 31-1112] Starts optimizing BUFG(s) with a common MMCM/DPLL/XPLL driver.
INFO: [Opt 31-1112] Starts optimizing BUFG(s) with a common driver.
INFO: [Opt 31-1092] Phase BUFG optimization transformed 0 BUFG(s) to MBUFG(s).
Phase 4 BUFG optimization | Checksum: 241cb1fea

Time (s): cpu = 00:00:00 ; elapsed = 00:00:00.032 . Memory (MB): peak = 1386.871 ; gain = 0.000
INFO: [Opt 31-662] Phase BUFG optimization created 0 cells of which 0 are BUFGs and removed 0 cells.

Phase 5 Shift Register Optimization
INFO: [Opt 31-1064] SRL Remap converted 0 SRLs to 0 registers and converted 0 registers of register chains to 0 SRLs
Phase 5 Shift Register Optimization | Checksum: 241cb1fea

Time (s): cpu = 00:00:00 ; elapsed = 00:00:00.034 . Memory (MB): peak = 1386.871 ; gain = 0.000
INFO: [Opt 31-389] Phase Shift Register Optimization created 0 cells and removed 0 cells

Phase 6 Post Processing Netlist
Phase 6 Post Processing Netlist | Checksum: 241cb1fea

Time (s): cpu = 00:00:00 ; elapsed = 00:00:00.035 . Memory (MB): peak = 1386.871 ; gain = 0.000
INFO: [Opt 31-389] Phase Post Processing Netlist created 0 cells and removed 0 cells
Opt_design Change Summary
=========================


-------------------------------------------------------------------------------------------------------------------------
|  Phase                        |  #Cells created  |  #Cells Removed  |  #Constrained objects preventing optimizations  |
-------------------------------------------------------------------------------------------------------------------------
|  Retarget                     |               0  |               0  |                                              0  |
|  Constant propagation         |               0  |               0  |                                              0  |
|  Sweep                        |               0  |               0  |                                              0  |
|  BUFG optimization            |               0  |               0  |                                              0  |
|  Shift Register Optimization  |               0  |               0  |                                              0  |
|  Post Processing Netlist      |               0  |               0  |                                              0  |
-------------------------------------------------------------------------------------------------------------------------



Starting Connectivity Check Task

Time (s): cpu = 00:00:00 ; elapsed = 00:00:00 . Memory (MB): peak = 1386.871 ; gain = 0.000
Ending Logic Optimization Task | Checksum: 1e42b8233

Time (s): cpu = 00:00:00 ; elapsed = 00:00:00.041 . Memory (MB): peak = 1386.871 ; gain = 0.000

Starting Power Optimization Task
INFO: [Pwropt 34-132] Skipping clock gating for clocks with a period < 2.00 ns.
Ending Power Optimization Task | Checksum: 1e42b8233

Time (s): cpu = 00:00:00 ; elapsed = 00:00:00.008 . Memory (MB): peak = 1386.871 ; gain = 0.000

Starting Final Cleanup Task
Ending Final Cleanup Task | Checksum: 1e42b8233

Time (s): cpu = 00:00:00 ; elapsed = 00:00:00 . Memory (MB): peak = 1386.871 ; gain = 0.000

Starting Netlist Obfuscation Task
Netlist sorting complete. Time (s): cpu = 00:00:00 ; elapsed = 00:00:00 . Memory (MB): peak = 1386.871 ; gain = 0.000
Ending Netlist Obfuscation Task | Checksum: 1e42b8233

Time (s): cpu = 00:00:00 ; elapsed = 00:00:00 . Memory (MB): peak = 1386.871 ; gain = 0.000
INFO: [Common 17-83] Releasing license: Implementation
27 Infos, 0 Warnings, 0 Critical Warnings and 0 Errors encountered.
opt_design completed successfully
opt_design: Time (s): cpu = 00:00:10 ; elapsed = 00:00:11 . Memory (MB): peak = 1386.871 ; gain = 724.402
Netlist sorting complete. Time (s): cpu = 00:00:00 ; elapsed = 00:00:00 . Memory (MB): peak = 1386.871 ; gain = 0.000
INFO: [Timing 38-480] Writing timing data to binary archive.
Writing placer database...
Writing XDEF routing.
Writing XDEF routing logical nets.
Writing XDEF routing special nets.
Write XDEF Complete: Time (s): cpu = 00:00:00 ; elapsed = 00:00:00.036 . Memory (MB): peak = 1386.871 ; gain = 0.000
INFO: [Common 17-1381] The checkpoint 'C:/Users/NatalieAgus/Desktop/Alchitry Projects/CounterSlow/work/vivado/CounterSlow/CounterSlow.runs/impl_1/au_top_0_opt.dcp' has been generated.
INFO: [runtcl-4] Executing : report_drc -file au_top_0_drc_opted.rpt -pb au_top_0_drc_opted.pb -rpx au_top_0_drc_opted.rpx
Command: report_drc -file au_top_0_drc_opted.rpt -pb au_top_0_drc_opted.pb -rpx au_top_0_drc_opted.rpx
INFO: [IP_Flow 19-234] Refreshing IP repositories
INFO: [IP_Flow 19-1704] No user IP repositories specified
INFO: [IP_Flow 19-2313] Loaded Vivado IP repository 'C:/Xilinx/Vivado/2019.2/data/ip'.
INFO: [DRC 23-27] Running DRC with 2 threads
INFO: [Coretcl 2-168] The results of DRC are in file C:/Users/NatalieAgus/Desktop/Alchitry Projects/CounterSlow/work/vivado/CounterSlow/CounterSlow.runs/impl_1/au_top_0_drc_opted.rpt.
report_drc completed successfully
Command: place_design
Attempting to get a license for feature 'Implementation' and/or device 'xc7a35t'
INFO: [Common 17-349] Got license for feature 'Implementation' and/or device 'xc7a35t'
INFO: [DRC 23-27] Running DRC with 2 threads
INFO: [Vivado_Tcl 4-198] DRC finished with 0 Errors
INFO: [Vivado_Tcl 4-199] Please refer to the DRC report (report_drc) for more information.
Running DRC as a precondition to command place_design
INFO: [DRC 23-27] Running DRC with 2 threads
INFO: [Vivado_Tcl 4-198] DRC finished with 0 Errors
INFO: [Vivado_Tcl 4-199] Please refer to the DRC report (report_drc) for more information.

Starting Placer Task
INFO: [Place 30-611] Multithreading enabled for place_design using a maximum of 2 CPUs

Phase 1 Placer Initialization

Phase 1.1 Placer Initialization Netlist Sorting
Netlist sorting complete. Time (s): cpu = 00:00:00 ; elapsed = 00:00:00 . Memory (MB): peak = 1386.871 ; gain = 0.000
Phase 1.1 Placer Initialization Netlist Sorting | Checksum: 19d781207

Time (s): cpu = 00:00:00 ; elapsed = 00:00:00.004 . Memory (MB): peak = 1386.871 ; gain = 0.000
Netlist sorting complete. Time (s): cpu = 00:00:00 ; elapsed = 00:00:00 . Memory (MB): peak = 1386.871 ; gain = 0.000

Phase 1.2 IO Placement/ Clock Placement/ Build Placer Device
INFO: [Timing 38-35] Done setting XDC timing constraints.
Phase 1.2 IO Placement/ Clock Placement/ Build Placer Device | Checksum: 87451219

Time (s): cpu = 00:00:01 ; elapsed = 00:00:00.604 . Memory (MB): peak = 1386.871 ; gain = 0.000

Phase 1.3 Build Placer Netlist Model
Phase 1.3 Build Placer Netlist Model | Checksum: 151a261ed

Time (s): cpu = 00:00:01 ; elapsed = 00:00:00.671 . Memory (MB): peak = 1386.871 ; gain = 0.000

Phase 1.4 Constrain Clocks/Macros
Phase 1.4 Constrain Clocks/Macros | Checksum: 151a261ed

Time (s): cpu = 00:00:01 ; elapsed = 00:00:00.673 . Memory (MB): peak = 1386.871 ; gain = 0.000
Phase 1 Placer Initialization | Checksum: 151a261ed

Time (s): cpu = 00:00:01 ; elapsed = 00:00:00.674 . Memory (MB): peak = 1386.871 ; gain = 0.000

Phase 2 Global Placement

Phase 2.1 Floorplanning
Phase 2.1 Floorplanning | Checksum: e8dc98ea

Time (s): cpu = 00:00:01 ; elapsed = 00:00:00.728 . Memory (MB): peak = 1386.871 ; gain = 0.000

Phase 2.2 Global Placement Core

Phase 2.2.1 Physical Synthesis In Placer
INFO: [Physopt 32-775] End 1 Pass. Optimized 0 net or cell. Created 0 new cell, deleted 0 existing cell and moved 0 existing cell
INFO: [Physopt 32-65] No nets found for high-fanout optimization.
INFO: [Physopt 32-232] Optimized 0 net. Created 0 new instance.
INFO: [Physopt 32-775] End 1 Pass. Optimized 0 net or cell. Created 0 new cell, deleted 0 existing cell and moved 0 existing cell
INFO: [Physopt 32-670] No setup violation found.  DSP Register Optimization was not performed.
INFO: [Physopt 32-670] No setup violation found.  Shift Register to Pipeline Optimization was not performed.
INFO: [Physopt 32-670] No setup violation found.  Shift Register Optimization was not performed.
INFO: [Physopt 32-670] No setup violation found.  BRAM Register Optimization was not performed.
INFO: [Physopt 32-949] No candidate nets found for HD net replication
INFO: [Physopt 32-775] End 1 Pass. Optimized 0 net or cell. Created 0 new cell, deleted 0 existing cell and moved 0 existing cell
Netlist sorting complete. Time (s): cpu = 00:00:00 ; elapsed = 00:00:00 . Memory (MB): peak = 1386.871 ; gain = 0.000

Summary of Physical Synthesis Optimizations
============================================


-----------------------------------------------------------------------------------------------------------------------------------------------------------
|  Optimization                                     |  Added Cells  |  Removed Cells  |  Optimized Cells/Nets  |  Dont Touch  |  Iterations  |  Elapsed   |
-----------------------------------------------------------------------------------------------------------------------------------------------------------
|  LUT Combining                                    |            0  |              0  |                     0  |           0  |           1  |  00:00:00  |
|  Very High Fanout                                 |            0  |              0  |                     0  |           0  |           1  |  00:00:00  |
|  DSP Register                                     |            0  |              0  |                     0  |           0  |           0  |  00:00:00  |
|  Shift Register to Pipeline                       |            0  |              0  |                     0  |           0  |           0  |  00:00:00  |
|  Shift Register                                   |            0  |              0  |                     0  |           0  |           0  |  00:00:00  |
|  BRAM Register                                    |            0  |              0  |                     0  |           0  |           0  |  00:00:00  |
|  Dynamic/Static Region Interface Net Replication  |            0  |              0  |                     0  |           0  |           1  |  00:00:00  |
|  Total                                            |            0  |              0  |                     0  |           0  |           3  |  00:00:00  |
-----------------------------------------------------------------------------------------------------------------------------------------------------------


Phase 2.2.1 Physical Synthesis In Placer | Checksum: 109fef036

Time (s): cpu = 00:00:02 ; elapsed = 00:00:01 . Memory (MB): peak = 1386.871 ; gain = 0.000
Phase 2.2 Global Placement Core | Checksum: 1146b5f0e

Time (s): cpu = 00:00:02 ; elapsed = 00:00:01 . Memory (MB): peak = 1386.871 ; gain = 0.000
Phase 2 Global Placement | Checksum: 1146b5f0e

Time (s): cpu = 00:00:02 ; elapsed = 00:00:01 . Memory (MB): peak = 1386.871 ; gain = 0.000

Phase 3 Detail Placement

Phase 3.1 Commit Multi Column Macros
Phase 3.1 Commit Multi Column Macros | Checksum: bee94f01

Time (s): cpu = 00:00:02 ; elapsed = 00:00:01 . Memory (MB): peak = 1386.871 ; gain = 0.000

Phase 3.2 Commit Most Macros & LUTRAMs
Phase 3.2 Commit Most Macros & LUTRAMs | Checksum: 8d042cf3

Time (s): cpu = 00:00:02 ; elapsed = 00:00:01 . Memory (MB): peak = 1386.871 ; gain = 0.000

Phase 3.3 Area Swap Optimization
Phase 3.3 Area Swap Optimization | Checksum: fdc8a5b0

Time (s): cpu = 00:00:02 ; elapsed = 00:00:01 . Memory (MB): peak = 1386.871 ; gain = 0.000

Phase 3.4 Pipeline Register Optimization
Phase 3.4 Pipeline Register Optimization | Checksum: 14efceed0

Time (s): cpu = 00:00:02 ; elapsed = 00:00:01 . Memory (MB): peak = 1386.871 ; gain = 0.000

Phase 3.5 Small Shape Detail Placement
Phase 3.5 Small Shape Detail Placement | Checksum: 1a784f252

Time (s): cpu = 00:00:02 ; elapsed = 00:00:01 . Memory (MB): peak = 1386.871 ; gain = 0.000

Phase 3.6 Re-assign LUT pins
Phase 3.6 Re-assign LUT pins | Checksum: 1a784f252

Time (s): cpu = 00:00:02 ; elapsed = 00:00:01 . Memory (MB): peak = 1386.871 ; gain = 0.000

Phase 3.7 Pipeline Register Optimization
Phase 3.7 Pipeline Register Optimization | Checksum: 1a30fbf42

Time (s): cpu = 00:00:02 ; elapsed = 00:00:01 . Memory (MB): peak = 1386.871 ; gain = 0.000
Phase 3 Detail Placement | Checksum: 1a30fbf42

Time (s): cpu = 00:00:02 ; elapsed = 00:00:01 . Memory (MB): peak = 1386.871 ; gain = 0.000

Phase 4 Post Placement Optimization and Clean-Up

Phase 4.1 Post Commit Optimization
INFO: [Timing 38-35] Done setting XDC timing constraints.

Phase 4.1.1 Post Placement Optimization
Post Placement Optimization Initialization | Checksum: 1c967ef23

Phase 4.1.1.1 BUFG Insertion
INFO: [Place 46-56] BUFG insertion identified 0 candidate nets. Inserted BUFG: 0, Replicated BUFG Driver: 0, Skipped due to Placement/Routing Conflicts: 0, Skipped due to Timing Degradation: 0, Skipped due to Illegal Netlist: 0.
Phase 4.1.1.1 BUFG Insertion | Checksum: 1c967ef23

Time (s): cpu = 00:00:02 ; elapsed = 00:00:01 . Memory (MB): peak = 1399.676 ; gain = 12.805
INFO: [Place 30-746] Post Placement Timing Summary WNS=7.492. For the most accurate timing information please run report_timing.
Phase 4.1.1 Post Placement Optimization | Checksum: 11b25da08

Time (s): cpu = 00:00:02 ; elapsed = 00:00:01 . Memory (MB): peak = 1399.676 ; gain = 12.805
Phase 4.1 Post Commit Optimization | Checksum: 11b25da08

Time (s): cpu = 00:00:02 ; elapsed = 00:00:01 . Memory (MB): peak = 1399.676 ; gain = 12.805

Phase 4.2 Post Placement Cleanup
Phase 4.2 Post Placement Cleanup | Checksum: 11b25da08

Time (s): cpu = 00:00:02 ; elapsed = 00:00:01 . Memory (MB): peak = 1399.676 ; gain = 12.805

Phase 4.3 Placer Reporting
Phase 4.3 Placer Reporting | Checksum: 11b25da08

Time (s): cpu = 00:00:02 ; elapsed = 00:00:01 . Memory (MB): peak = 1399.676 ; gain = 12.805

Phase 4.4 Final Placement Cleanup
Netlist sorting complete. Time (s): cpu = 00:00:00 ; elapsed = 00:00:00 . Memory (MB): peak = 1399.676 ; gain = 0.000
Phase 4.4 Final Placement Cleanup | Checksum: 100075067

Time (s): cpu = 00:00:02 ; elapsed = 00:00:01 . Memory (MB): peak = 1399.676 ; gain = 12.805
Phase 4 Post Placement Optimization and Clean-Up | Checksum: 100075067

Time (s): cpu = 00:00:02 ; elapsed = 00:00:01 . Memory (MB): peak = 1399.676 ; gain = 12.805
Ending Placer Task | Checksum: d9696377

Time (s): cpu = 00:00:02 ; elapsed = 00:00:01 . Memory (MB): peak = 1399.676 ; gain = 12.805
INFO: [Common 17-83] Releasing license: Implementation
58 Infos, 0 Warnings, 0 Critical Warnings and 0 Errors encountered.
place_design completed successfully
Netlist sorting complete. Time (s): cpu = 00:00:00 ; elapsed = 00:00:00 . Memory (MB): peak = 1399.676 ; gain = 0.000
INFO: [Timing 38-480] Writing timing data to binary archive.
Writing placer database...
Writing XDEF routing.
Writing XDEF routing logical nets.
Writing XDEF routing special nets.
Write XDEF Complete: Time (s): cpu = 00:00:00 ; elapsed = 00:00:00.039 . Memory (MB): peak = 1399.684 ; gain = 0.008
INFO: [Common 17-1381] The checkpoint 'C:/Users/NatalieAgus/Desktop/Alchitry Projects/CounterSlow/work/vivado/CounterSlow/CounterSlow.runs/impl_1/au_top_0_placed.dcp' has been generated.
INFO: [runtcl-4] Executing : report_io -file au_top_0_io_placed.rpt
report_io: Time (s): cpu = 00:00:00 ; elapsed = 00:00:00.058 . Memory (MB): peak = 1399.684 ; gain = 0.000
INFO: [runtcl-4] Executing : report_utilization -file au_top_0_utilization_placed.rpt -pb au_top_0_utilization_placed.pb
INFO: [runtcl-4] Executing : report_control_sets -verbose -file au_top_0_control_sets_placed.rpt
report_control_sets: Time (s): cpu = 00:00:00 ; elapsed = 00:00:00.006 . Memory (MB): peak = 1399.684 ; gain = 0.000
Command: phys_opt_design
Attempting to get a license for feature 'Implementation' and/or device 'xc7a35t'
INFO: [Common 17-349] Got license for feature 'Implementation' and/or device 'xc7a35t'
INFO: [Vivado_Tcl 4-383] Design worst setup slack (WNS) is greater than or equal to 0.250 ns. Skipping all physical synthesis optimizations.
INFO: [Vivado_Tcl 4-232] No setup violation found. The netlist was not modified.
INFO: [Common 17-83] Releasing license: Implementation
67 Infos, 0 Warnings, 0 Critical Warnings and 0 Errors encountered.
phys_opt_design completed successfully
Netlist sorting complete. Time (s): cpu = 00:00:00 ; elapsed = 00:00:00.001 . Memory (MB): peak = 1404.066 ; gain = 0.000
INFO: [Timing 38-480] Writing timing data to binary archive.
Writing placer database...
Writing XDEF routing.
Writing XDEF routing logical nets.
Writing XDEF routing special nets.
Write XDEF Complete: Time (s): cpu = 00:00:00 ; elapsed = 00:00:00.040 . Memory (MB): peak = 1421.938 ; gain = 17.871
INFO: [Common 17-1381] The checkpoint 'C:/Users/NatalieAgus/Desktop/Alchitry Projects/CounterSlow/work/vivado/CounterSlow/CounterSlow.runs/impl_1/au_top_0_physopt.dcp' has been generated.
Command: route_design
Attempting to get a license for feature 'Implementation' and/or device 'xc7a35t'
INFO: [Common 17-349] Got license for feature 'Implementation' and/or device 'xc7a35t'
Running DRC as a precondition to command route_design
INFO: [DRC 23-27] Running DRC with 2 threads
INFO: [Vivado_Tcl 4-198] DRC finished with 0 Errors
INFO: [Vivado_Tcl 4-199] Please refer to the DRC report (report_drc) for more information.


Starting Routing Task
INFO: [Route 35-254] Multithreading enabled for route_design using a maximum of 2 CPUs
Checksum: PlaceDB: bf56a0c4 ConstDB: 0 ShapeSum: 1a12c2b3 RouteDB: 0

Phase 1 Build RT Design
Phase 1 Build RT Design | Checksum: c7aa2410

Time (s): cpu = 00:00:18 ; elapsed = 00:00:17 . Memory (MB): peak = 1511.676 ; gain = 80.672
Post Restoration Checksum: NetGraph: 24a595e NumContArr: c55fcab2 Constraints: 0 Timing: 0

Phase 2 Router Initialization

Phase 2.1 Create Timer
Phase 2.1 Create Timer | Checksum: c7aa2410

Time (s): cpu = 00:00:18 ; elapsed = 00:00:17 . Memory (MB): peak = 1511.676 ; gain = 80.672

Phase 2.2 Fix Topology Constraints
Phase 2.2 Fix Topology Constraints | Checksum: c7aa2410

Time (s): cpu = 00:00:18 ; elapsed = 00:00:17 . Memory (MB): peak = 1517.660 ; gain = 86.656

Phase 2.3 Pre Route Cleanup
Phase 2.3 Pre Route Cleanup | Checksum: c7aa2410

Time (s): cpu = 00:00:18 ; elapsed = 00:00:17 . Memory (MB): peak = 1517.660 ; gain = 86.656
 Number of Nodes with overlaps = 0

Phase 2.4 Update Timing
Phase 2.4 Update Timing | Checksum: 17c3590e4

Time (s): cpu = 00:00:18 ; elapsed = 00:00:17 . Memory (MB): peak = 1521.211 ; gain = 90.207
INFO: [Route 35-416] Intermediate Timing Summary | WNS=7.399  | TNS=0.000  | WHS=-0.061 | THS=-0.175 |

Phase 2 Router Initialization | Checksum: 139c4e6c5

Time (s): cpu = 00:00:18 ; elapsed = 00:00:17 . Memory (MB): peak = 1521.211 ; gain = 90.207

Router Utilization Summary
  Global Vertical Routing Utilization    = 0.000159451 %
  Global Horizontal Routing Utilization  = 0 %
  Routable Net Status*
  *Does not include unroutable nets such as driverless and loadless.
  Run report_route_status for detailed report.
  Number of Failed Nets               = 43
    (Failed Nets is the sum of unrouted and partially routed nets)
  Number of Unrouted Nets             = 42
  Number of Partially Routed Nets     = 1
  Number of Node Overlaps             = 0


Phase 3 Initial Routing
Phase 3 Initial Routing | Checksum: 23db5e12d

Time (s): cpu = 00:00:19 ; elapsed = 00:00:17 . Memory (MB): peak = 1522.910 ; gain = 91.906

Phase 4 Rip-up And Reroute

Phase 4.1 Global Iteration 0
 Number of Nodes with overlaps = 0
INFO: [Route 35-416] Intermediate Timing Summary | WNS=7.247  | TNS=0.000  | WHS=N/A    | THS=N/A    |

Phase 4.1 Global Iteration 0 | Checksum: 1b18ece1e

Time (s): cpu = 00:00:19 ; elapsed = 00:00:17 . Memory (MB): peak = 1522.910 ; gain = 91.906
Phase 4 Rip-up And Reroute | Checksum: 1b18ece1e

Time (s): cpu = 00:00:19 ; elapsed = 00:00:17 . Memory (MB): peak = 1522.910 ; gain = 91.906

Phase 5 Delay and Skew Optimization

Phase 5.1 Delay CleanUp
Phase 5.1 Delay CleanUp | Checksum: 1b18ece1e

Time (s): cpu = 00:00:19 ; elapsed = 00:00:17 . Memory (MB): peak = 1522.910 ; gain = 91.906

Phase 5.2 Clock Skew Optimization
Phase 5.2 Clock Skew Optimization | Checksum: 1b18ece1e

Time (s): cpu = 00:00:19 ; elapsed = 00:00:17 . Memory (MB): peak = 1522.910 ; gain = 91.906
Phase 5 Delay and Skew Optimization | Checksum: 1b18ece1e

Time (s): cpu = 00:00:19 ; elapsed = 00:00:17 . Memory (MB): peak = 1522.910 ; gain = 91.906

Phase 6 Post Hold Fix

Phase 6.1 Hold Fix Iter

Phase 6.1.1 Update Timing
Phase 6.1.1 Update Timing | Checksum: 1cf04715b

Time (s): cpu = 00:00:19 ; elapsed = 00:00:17 . Memory (MB): peak = 1522.910 ; gain = 91.906
INFO: [Route 35-416] Intermediate Timing Summary | WNS=7.341  | TNS=0.000  | WHS=0.239  | THS=0.000  |

Phase 6.1 Hold Fix Iter | Checksum: 1cf04715b

Time (s): cpu = 00:00:19 ; elapsed = 00:00:17 . Memory (MB): peak = 1522.910 ; gain = 91.906
Phase 6 Post Hold Fix | Checksum: 1cf04715b

Time (s): cpu = 00:00:19 ; elapsed = 00:00:17 . Memory (MB): peak = 1522.910 ; gain = 91.906

Phase 7 Route finalize

Router Utilization Summary
  Global Vertical Routing Utilization    = 0.00924819 %
  Global Horizontal Routing Utilization  = 0.0160073 %
  Routable Net Status*
  *Does not include unroutable nets such as driverless and loadless.
  Run report_route_status for detailed report.
  Number of Failed Nets               = 0
    (Failed Nets is the sum of unrouted and partially routed nets)
  Number of Unrouted Nets             = 0
  Number of Partially Routed Nets     = 0
  Number of Node Overlaps             = 0

Phase 7 Route finalize | Checksum: 1cf04715b

Time (s): cpu = 00:00:19 ; elapsed = 00:00:17 . Memory (MB): peak = 1522.910 ; gain = 91.906

Phase 8 Verifying routed nets

 Verification completed successfully
Phase 8 Verifying routed nets | Checksum: 1cf04715b

Time (s): cpu = 00:00:19 ; elapsed = 00:00:17 . Memory (MB): peak = 1524.918 ; gain = 93.914

Phase 9 Depositing Routes
Phase 9 Depositing Routes | Checksum: 127909eab

Time (s): cpu = 00:00:19 ; elapsed = 00:00:17 . Memory (MB): peak = 1524.918 ; gain = 93.914

Phase 10 Post Router Timing
INFO: [Route 35-57] Estimated Timing Summary | WNS=7.341  | TNS=0.000  | WHS=0.239  | THS=0.000  |

INFO: [Route 35-327] The final timing numbers are based on the router estimated timing analysis. For a complete and accurate timing signoff, please run report_timing_summary.
Phase 10 Post Router Timing | Checksum: 127909eab

Time (s): cpu = 00:00:19 ; elapsed = 00:00:17 . Memory (MB): peak = 1524.918 ; gain = 93.914
INFO: [Route 35-16] Router Completed Successfully

Time (s): cpu = 00:00:19 ; elapsed = 00:00:17 . Memory (MB): peak = 1524.918 ; gain = 93.914

Routing Is Done.
INFO: [Common 17-83] Releasing license: Implementation
81 Infos, 0 Warnings, 0 Critical Warnings and 0 Errors encountered.
route_design completed successfully
route_design: Time (s): cpu = 00:00:21 ; elapsed = 00:00:18 . Memory (MB): peak = 1524.918 ; gain = 102.980
Netlist sorting complete. Time (s): cpu = 00:00:00 ; elapsed = 00:00:00.001 . Memory (MB): peak = 1524.918 ; gain = 0.000
INFO: [Timing 38-480] Writing timing data to binary archive.
Writing placer database...
Writing XDEF routing.
Writing XDEF routing logical nets.
Writing XDEF routing special nets.
Write XDEF Complete: Time (s): cpu = 00:00:00 ; elapsed = 00:00:00.045 . Memory (MB): peak = 1534.766 ; gain = 9.848
INFO: [Common 17-1381] The checkpoint 'C:/Users/NatalieAgus/Desktop/Alchitry Projects/CounterSlow/work/vivado/CounterSlow/CounterSlow.runs/impl_1/au_top_0_routed.dcp' has been generated.
INFO: [runtcl-4] Executing : report_drc -file au_top_0_drc_routed.rpt -pb au_top_0_drc_routed.pb -rpx au_top_0_drc_routed.rpx
Command: report_drc -file au_top_0_drc_routed.rpt -pb au_top_0_drc_routed.pb -rpx au_top_0_drc_routed.rpx
INFO: [IP_Flow 19-1839] IP Catalog is up to date.
INFO: [DRC 23-27] Running DRC with 2 threads
INFO: [Coretcl 2-168] The results of DRC are in file C:/Users/NatalieAgus/Desktop/Alchitry Projects/CounterSlow/work/vivado/CounterSlow/CounterSlow.runs/impl_1/au_top_0_drc_routed.rpt.
report_drc completed successfully
INFO: [runtcl-4] Executing : report_methodology -file au_top_0_methodology_drc_routed.rpt -pb au_top_0_methodology_drc_routed.pb -rpx au_top_0_methodology_drc_routed.rpx
Command: report_methodology -file au_top_0_methodology_drc_routed.rpt -pb au_top_0_methodology_drc_routed.pb -rpx au_top_0_methodology_drc_routed.rpx
INFO: [Timing 38-35] Done setting XDC timing constraints.
INFO: [DRC 23-133] Running Methodology with 2 threads
INFO: [Coretcl 2-1520] The results of Report Methodology are in file C:/Users/NatalieAgus/Desktop/Alchitry Projects/CounterSlow/work/vivado/CounterSlow/CounterSlow.runs/impl_1/au_top_0_methodology_drc_routed.rpt.
report_methodology completed successfully
INFO: [runtcl-4] Executing : report_power -file au_top_0_power_routed.rpt -pb au_top_0_power_summary_routed.pb -rpx au_top_0_power_routed.rpx
Command: report_power -file au_top_0_power_routed.rpt -pb au_top_0_power_summary_routed.pb -rpx au_top_0_power_routed.rpx
INFO: [Timing 38-35] Done setting XDC timing constraints.
Running Vector-less Activity Propagation...

Finished Running Vector-less Activity Propagation
93 Infos, 0 Warnings, 0 Critical Warnings and 0 Errors encountered.
report_power completed successfully
INFO: [runtcl-4] Executing : report_route_status -file au_top_0_route_status.rpt -pb au_top_0_route_status.pb
INFO: [runtcl-4] Executing : report_timing_summary -max_paths 10 -file au_top_0_timing_summary_routed.rpt -pb au_top_0_timing_summary_routed.pb -rpx au_top_0_timing_summary_routed.rpx -warn_on_violation 
INFO: [Timing 38-91] UpdateTimingParams: Speed grade: -1, Delay Type: min_max.
INFO: [Timing 38-191] Multithreading enabled for timing update using a maximum of 2 CPUs
INFO: [runtcl-4] Executing : report_incremental_reuse -file au_top_0_incremental_reuse_routed.rpt
INFO: [Vivado_Tcl 4-1062] Incremental flow is disabled. No incremental reuse Info to report.
INFO: [runtcl-4] Executing : report_clock_utilization -file au_top_0_clock_utilization_routed.rpt
INFO: [runtcl-4] Executing : report_bus_skew -warn_on_violation -file au_top_0_bus_skew_routed.rpt -pb au_top_0_bus_skew_routed.pb -rpx au_top_0_bus_skew_routed.rpx
INFO: [Timing 38-91] UpdateTimingParams: Speed grade: -1, Delay Type: min_max.
INFO: [Timing 38-191] Multithreading enabled for timing update using a maximum of 2 CPUs
Command: write_bitstream -force au_top_0.bit -bin_file
Attempting to get a license for feature 'Implementation' and/or device 'xc7a35t'
INFO: [Common 17-349] Got license for feature 'Implementation' and/or device 'xc7a35t'
Running DRC as a precondition to command write_bitstream
INFO: [IP_Flow 19-1839] IP Catalog is up to date.
INFO: [DRC 23-27] Running DRC with 2 threads
INFO: [Vivado 12-3199] DRC finished with 0 Errors
INFO: [Vivado 12-3200] Please refer to the DRC report (report_drc) for more information.
INFO: [Designutils 20-2272] Running write_bitstream with 2 threads.
Loading data files...
Loading site data...
Loading route data...
Processing options...
Creating bitmap...
Creating bitstream...
Bitstream compression saved 15442144 bits.
Writing bitstream ./au_top_0.bit...
Writing bitstream ./au_top_0.bin...
INFO: [Vivado 12-1842] Bitgen Completed Successfully.
INFO: [Project 1-120] WebTalk data collection is mandatory when using a WebPACK part without a full Vivado license. To see the specific WebTalk data collected for your design, open the usage_statistics_webtalk.html or usage_statistics_webtalk.xml file in the implementation directory.
INFO: [Common 17-83] Releasing license: Implementation
112 Infos, 0 Warnings, 0 Critical Warnings and 0 Errors encountered.
write_bitstream completed successfully
write_bitstream: Time (s): cpu = 00:00:09 ; elapsed = 00:00:12 . Memory (MB): peak = 1973.855 ; gain = 403.316
INFO: [Common 17-206] Exiting Vivado at Tue Aug 25 00:27:47 2020...
[Tue Aug 25 00:27:50 2020] impl_1 finished
wait_on_run: Time (s): cpu = 00:00:00 ; elapsed = 00:01:06 . Memory (MB): peak = 298.246 ; gain = 0.000
INFO: [Common 17-206] Exiting Vivado at Tue Aug 25 00:27:50 2020...

Finished building project.
