Copyright 1986-2019 Xilinx, Inc. All Rights Reserved.
--------------------------------------------------------------------------------------------------------------------------------------------------------------
| Tool Version : Vivado v.2019.2 (win64) Build 2708876 Wed Nov  6 21:40:23 MST 2019
| Date         : Wed Aug 26 00:24:05 2020
| Host         : DESKTOP-9GBQU5S running 64-bit major release  (build 9200)
| Command      : report_methodology -file au_top_0_methodology_drc_routed.rpt -pb au_top_0_methodology_drc_routed.pb -rpx au_top_0_methodology_drc_routed.rpx
| Design       : au_top_0
| Device       : xc7a35tftg256-1
| Speed File   : -1
| Design State : Fully Routed
--------------------------------------------------------------------------------------------------------------------------------------------------------------

Report Methodology

Table of Contents
-----------------
1. REPORT SUMMARY
2. REPORT DETAILS

1. REPORT SUMMARY
-----------------
            Netlist: netlist
          Floorplan: design_1
      Design limits: <entire design considered>
             Max violations: <unlimited>
             Violations found: 61
+-----------+------------------+-------------------------------+------------+
| Rule      | Severity         | Description                   | Violations |
+-----------+------------------+-------------------------------+------------+
| TIMING-17 | Critical Warning | Non-clocked sequential cell   | 23         |
| TIMING-18 | Warning          | Missing input or output delay | 38         |
+-----------+------------------+-------------------------------+------------+

2. REPORT DETAILS
-----------------
TIMING-17#1 Critical Warning
Non-clocked sequential cell  
The clock pin FSM_onehot_M_nn1_q_reg[0]/C is not reached by a timing clock
Related violations: <none>

TIMING-17#2 Critical Warning
Non-clocked sequential cell  
The clock pin FSM_onehot_M_nn1_q_reg[1]/C is not reached by a timing clock
Related violations: <none>

TIMING-17#3 Critical Warning
Non-clocked sequential cell  
The clock pin FSM_onehot_M_nn1_q_reg[2]/C is not reached by a timing clock
Related violations: <none>

TIMING-17#4 Critical Warning
Non-clocked sequential cell  
The clock pin multiply/regA/M_regs_q_reg[0]/C is not reached by a timing clock
Related violations: <none>

TIMING-17#5 Critical Warning
Non-clocked sequential cell  
The clock pin multiply/regA/M_regs_q_reg[1]/C is not reached by a timing clock
Related violations: <none>

TIMING-17#6 Critical Warning
Non-clocked sequential cell  
The clock pin multiply/regA/M_regs_q_reg[2]/C is not reached by a timing clock
Related violations: <none>

TIMING-17#7 Critical Warning
Non-clocked sequential cell  
The clock pin multiply/regA/M_regs_q_reg[3]/C is not reached by a timing clock
Related violations: <none>

TIMING-17#8 Critical Warning
Non-clocked sequential cell  
The clock pin multiply/regA/M_regs_q_reg[4]/C is not reached by a timing clock
Related violations: <none>

TIMING-17#9 Critical Warning
Non-clocked sequential cell  
The clock pin multiply/regA/M_regs_q_reg[4]_lopt_replica/C is not reached by a timing clock
Related violations: <none>

TIMING-17#10 Critical Warning
Non-clocked sequential cell  
The clock pin multiply/regA/M_regs_q_reg[5]/C is not reached by a timing clock
Related violations: <none>

TIMING-17#11 Critical Warning
Non-clocked sequential cell  
The clock pin multiply/regA/M_regs_q_reg[5]_lopt_replica/C is not reached by a timing clock
Related violations: <none>

TIMING-17#12 Critical Warning
Non-clocked sequential cell  
The clock pin multiply/regA/M_regs_q_reg[6]/C is not reached by a timing clock
Related violations: <none>

TIMING-17#13 Critical Warning
Non-clocked sequential cell  
The clock pin multiply/regA/M_regs_q_reg[6]_lopt_replica/C is not reached by a timing clock
Related violations: <none>

TIMING-17#14 Critical Warning
Non-clocked sequential cell  
The clock pin multiply/regA/M_regs_q_reg[7]/C is not reached by a timing clock
Related violations: <none>

TIMING-17#15 Critical Warning
Non-clocked sequential cell  
The clock pin multiply/regA/M_regs_q_reg[7]_lopt_replica/C is not reached by a timing clock
Related violations: <none>

TIMING-17#16 Critical Warning
Non-clocked sequential cell  
The clock pin multiply/regB/M_regs_q_reg[0]/C is not reached by a timing clock
Related violations: <none>

TIMING-17#17 Critical Warning
Non-clocked sequential cell  
The clock pin multiply/regB/M_regs_q_reg[1]/C is not reached by a timing clock
Related violations: <none>

TIMING-17#18 Critical Warning
Non-clocked sequential cell  
The clock pin multiply/regB/M_regs_q_reg[2]/C is not reached by a timing clock
Related violations: <none>

TIMING-17#19 Critical Warning
Non-clocked sequential cell  
The clock pin multiply/regB/M_regs_q_reg[3]/C is not reached by a timing clock
Related violations: <none>

TIMING-17#20 Critical Warning
Non-clocked sequential cell  
The clock pin multiply/regB/M_regs_q_reg[4]/C is not reached by a timing clock
Related violations: <none>

TIMING-17#21 Critical Warning
Non-clocked sequential cell  
The clock pin multiply/regB/M_regs_q_reg[5]/C is not reached by a timing clock
Related violations: <none>

TIMING-17#22 Critical Warning
Non-clocked sequential cell  
The clock pin multiply/regB/M_regs_q_reg[6]/C is not reached by a timing clock
Related violations: <none>

TIMING-17#23 Critical Warning
Non-clocked sequential cell  
The clock pin multiply/regB/M_regs_q_reg[7]/C is not reached by a timing clock
Related violations: <none>

TIMING-18#1 Warning
Missing input or output delay  
An input delay is missing on io_button[0] relative to clock(s) clk_0
Related violations: <none>

TIMING-18#2 Warning
Missing input or output delay  
An input delay is missing on io_button[1] relative to clock(s) clk_0
Related violations: <none>

TIMING-18#3 Warning
Missing input or output delay  
An input delay is missing on io_button[2] relative to clock(s) clk_0
Related violations: <none>

TIMING-18#4 Warning
Missing input or output delay  
An input delay is missing on io_button[3] relative to clock(s) clk_0
Related violations: <none>

TIMING-18#5 Warning
Missing input or output delay  
An input delay is missing on io_button[4] relative to clock(s) clk_0
Related violations: <none>

TIMING-18#6 Warning
Missing input or output delay  
An input delay is missing on rst_n relative to clock(s) clk_0
Related violations: <none>

TIMING-18#7 Warning
Missing input or output delay  
An output delay is missing on io_led[0] relative to clock(s) clk_0
Related violations: <none>

TIMING-18#8 Warning
Missing input or output delay  
An output delay is missing on io_led[10] relative to clock(s) clk_0
Related violations: <none>

TIMING-18#9 Warning
Missing input or output delay  
An output delay is missing on io_led[11] relative to clock(s) clk_0
Related violations: <none>

TIMING-18#10 Warning
Missing input or output delay  
An output delay is missing on io_led[12] relative to clock(s) clk_0
Related violations: <none>

TIMING-18#11 Warning
Missing input or output delay  
An output delay is missing on io_led[13] relative to clock(s) clk_0
Related violations: <none>

TIMING-18#12 Warning
Missing input or output delay  
An output delay is missing on io_led[14] relative to clock(s) clk_0
Related violations: <none>

TIMING-18#13 Warning
Missing input or output delay  
An output delay is missing on io_led[15] relative to clock(s) clk_0
Related violations: <none>

TIMING-18#14 Warning
Missing input or output delay  
An output delay is missing on io_led[16] relative to clock(s) clk_0
Related violations: <none>

TIMING-18#15 Warning
Missing input or output delay  
An output delay is missing on io_led[17] relative to clock(s) clk_0
Related violations: <none>

TIMING-18#16 Warning
Missing input or output delay  
An output delay is missing on io_led[18] relative to clock(s) clk_0
Related violations: <none>

TIMING-18#17 Warning
Missing input or output delay  
An output delay is missing on io_led[19] relative to clock(s) clk_0
Related violations: <none>

TIMING-18#18 Warning
Missing input or output delay  
An output delay is missing on io_led[1] relative to clock(s) clk_0
Related violations: <none>

TIMING-18#19 Warning
Missing input or output delay  
An output delay is missing on io_led[20] relative to clock(s) clk_0
Related violations: <none>

TIMING-18#20 Warning
Missing input or output delay  
An output delay is missing on io_led[21] relative to clock(s) clk_0
Related violations: <none>

TIMING-18#21 Warning
Missing input or output delay  
An output delay is missing on io_led[22] relative to clock(s) clk_0
Related violations: <none>

TIMING-18#22 Warning
Missing input or output delay  
An output delay is missing on io_led[23] relative to clock(s) clk_0
Related violations: <none>

TIMING-18#23 Warning
Missing input or output delay  
An output delay is missing on io_led[2] relative to clock(s) clk_0
Related violations: <none>

TIMING-18#24 Warning
Missing input or output delay  
An output delay is missing on io_led[3] relative to clock(s) clk_0
Related violations: <none>

TIMING-18#25 Warning
Missing input or output delay  
An output delay is missing on io_led[4] relative to clock(s) clk_0
Related violations: <none>

TIMING-18#26 Warning
Missing input or output delay  
An output delay is missing on io_led[5] relative to clock(s) clk_0
Related violations: <none>

TIMING-18#27 Warning
Missing input or output delay  
An output delay is missing on io_led[6] relative to clock(s) clk_0
Related violations: <none>

TIMING-18#28 Warning
Missing input or output delay  
An output delay is missing on io_led[7] relative to clock(s) clk_0
Related violations: <none>

TIMING-18#29 Warning
Missing input or output delay  
An output delay is missing on io_led[8] relative to clock(s) clk_0
Related violations: <none>

TIMING-18#30 Warning
Missing input or output delay  
An output delay is missing on io_led[9] relative to clock(s) clk_0
Related violations: <none>

TIMING-18#31 Warning
Missing input or output delay  
An output delay is missing on led[0] relative to clock(s) clk_0
Related violations: <none>

TIMING-18#32 Warning
Missing input or output delay  
An output delay is missing on led[1] relative to clock(s) clk_0
Related violations: <none>

TIMING-18#33 Warning
Missing input or output delay  
An output delay is missing on led[2] relative to clock(s) clk_0
Related violations: <none>

TIMING-18#34 Warning
Missing input or output delay  
An output delay is missing on led[3] relative to clock(s) clk_0
Related violations: <none>

TIMING-18#35 Warning
Missing input or output delay  
An output delay is missing on led[4] relative to clock(s) clk_0
Related violations: <none>

TIMING-18#36 Warning
Missing input or output delay  
An output delay is missing on led[5] relative to clock(s) clk_0
Related violations: <none>

TIMING-18#37 Warning
Missing input or output delay  
An output delay is missing on led[6] relative to clock(s) clk_0
Related violations: <none>

TIMING-18#38 Warning
Missing input or output delay  
An output delay is missing on led[7] relative to clock(s) clk_0
Related violations: <none>


